<?xml version="1.0" encoding="utf-8"?>
<testsuites disabled="0" errors="0" failures="7" tests="10" time="26.83050459891092">
	<testsuite disabled="0" errors="0" failures="7" name="schemathesis" skipped="0" tests="10" time="26.83050459891092" hostname="PW0BM4V6">
		<testcase name="POST /api/Categories" time="0.806099">
			<failure type="failure" message="1. Test Case ID: kitgJC&#10;&#10;- Undocumented Content-Type&#10;&#10;    Received: application/problem+json; charset=utf-8&#10;    Documented: text/plain, application/json, text/json&#10;&#10;[400] Bad Request:&#10;&#10;    `{&quot;type&quot;:&quot;https://tools.ietf.org/html/rfc9110#section-15.5.1&quot;,&quot;title&quot;:&quot;One or more validation errors occurred.&quot;,&quot;status&quot;:400,&quot;errors&quot;:{&quot;request&quot;:[&quot;The request field is required.&quot;],&quot;$.type&quot;:[&quot;The JSON value could not be converted to Finance.Business.Dtos.Categories.CategoryCreateRequest. Path: $.type | LineNumber: 0 | BytePositionInLine: 22.&quot;]},&quot;traceId&quot;:&quot;00-9d29cec705f59e7b6b6c36a8ff2f46f0-6a99f1c10a926f40-00&quot;}`&#10;&#10;Reproduce with:&#10;&#10;    curl -X POST -H 'Content-Type: application/*+json' -d '{&quot;name&quot;: &quot;&quot;, &quot;type&quot;: {}}' --insecure https://localhost:7235/api/Categories"/>
			<failure type="failure" message="1. Test Case ID: dLYnYI&#10;&#10;- API rejected schema-compliant request&#10;&#10;    Valid data should have been accepted&#10;    Expected: 2xx, 401, 403, 404, 409, 5xx&#10;&#10;[400] Bad Request:&#10;&#10;    `{&quot;title&quot;:&quot;One or more validation errors occurred.&quot;,&quot;status&quot;:400,&quot;errors&quot;:{&quot;name&quot;:[&quot;Name is required.&quot;]}}`&#10;&#10;Reproduce with:&#10;&#10;    curl -X POST -H 'Content-Type: application/json' -d '{&quot;name&quot;: &quot;&quot;, &quot;type&quot;: &quot;Both&quot;}' --insecure https://localhost:7235/api/Categories"/>
		</testcase>
		<testcase name="POST /api/Reports" time="0.280556">
			<failure type="failure" message="1. Test Case ID: f5q2qo&#10;&#10;- Undocumented Content-Type&#10;&#10;    Received: application/problem+json; charset=utf-8&#10;    Documented: text/plain, application/json, text/json&#10;&#10;[400] Bad Request:&#10;&#10;    `{&quot;type&quot;:&quot;https://tools.ietf.org/html/rfc9110#section-15.5.1&quot;,&quot;title&quot;:&quot;One or more validation errors occurred.&quot;,&quot;status&quot;:400,&quot;errors&quot;:{&quot;request&quot;:[&quot;The request field is required.&quot;],&quot;$.type&quot;:[&quot;The JSON value could not be converted to Finance.Business.Dtos.Reports.ReportRequest. Path: $.type | LineNumber: 0 | BytePositionInLine: 10.&quot;]},&quot;traceId&quot;:&quot;00-802e7cb3dc31fee80d8986c95f8c1357-f079623370d856cb-00&quot;}`&#10;&#10;Reproduce with:&#10;&#10;    curl -X POST -H 'Content-Type: application/*+json' -d '{&quot;type&quot;: {}, &quot;data&quot;: null}' --insecure https://localhost:7235/api/Reports"/>
			<failure type="failure" message="1. Test Case ID: 4nFcC9&#10;&#10;- API rejected schema-compliant request&#10;&#10;    Valid data should have been accepted&#10;    Expected: 2xx, 401, 403, 404, 409, 5xx&#10;&#10;[400] Bad Request:&#10;&#10;    `{&quot;title&quot;:&quot;One or more validation errors occurred.&quot;,&quot;status&quot;:400,&quot;errors&quot;:{&quot;data&quot;:[&quot;Period report data payload is required.&quot;]}}`&#10;&#10;Reproduce with:&#10;&#10;    curl -X POST -H 'Content-Type: application/json' -d '{&quot;data&quot;: null, &quot;type&quot;: &quot;Period&quot;}' --insecure https://localhost:7235/api/Reports"/>
		</testcase>
		<testcase name="POST /api/Transactions" time="0.223313">
			<failure type="failure" message="1. Test Case ID: kjUNaq&#10;&#10;- Undocumented Content-Type&#10;&#10;    Received: application/problem+json; charset=utf-8&#10;    Documented: text/plain, application/json, text/json&#10;&#10;[400] Bad Request:&#10;&#10;    `{&quot;type&quot;:&quot;https://tools.ietf.org/html/rfc9110#section-15.5.1&quot;,&quot;title&quot;:&quot;One or more validation errors occurred.&quot;,&quot;status&quot;:400,&quot;errors&quot;:{&quot;request&quot;:[&quot;The request field is required.&quot;],&quot;$.categoryIds[0]&quot;:[&quot;The JSON value could not be converted to System.Int32. Path: $.categoryIds[0] | LineNumber: 0 | BytePositionInLine: 118.&quot;]},&quot;traceId&quot;:&quot;00-d4e91d179760098306b3f127693e56ac-b6e6251fed520d97-00&quot;}`&#10;&#10;Reproduce with:&#10;&#10;    curl -X POST -H 'Content-Type: application/*+json' -d '{&quot;timestamp&quot;: &quot;2000-01-01T00:00:00Z&quot;, &quot;description&quot;: &quot;&quot;, &quot;amount&quot;: &quot;0&quot;, &quot;transactionType&quot;: &quot;Income&quot;, &quot;categoryIds&quot;: [{}]}' --insecure https://localhost:7235/api/Transactions"/>
			<failure type="failure" message="1. Test Case ID: G5f1Of&#10;&#10;- API rejected schema-compliant request&#10;&#10;    Valid data should have been accepted&#10;    Expected: 2xx, 401, 403, 404, 409, 5xx&#10;&#10;[400] Bad Request:&#10;&#10;    `{&quot;title&quot;:&quot;One or more validation errors occurred.&quot;,&quot;status&quot;:400,&quot;errors&quot;:{&quot;amount&quot;:[&quot;Amount must be greater than zero.&quot;],&quot;description&quot;:[&quot;Description is required.&quot;],&quot;categoryIds&quot;:[&quot;At least one category id is required.&quot;]}}`&#10;&#10;Reproduce with:&#10;&#10;    curl -X POST -H 'Content-Type: application/json' -d '{&quot;amount&quot;: 0.0, &quot;categoryIds&quot;: [], &quot;description&quot;: &quot;&quot;, &quot;timestamp&quot;: &quot;2000-01-01T00:00:00Z&quot;, &quot;transactionType&quot;: &quot;Income&quot;}' --insecure https://localhost:7235/api/Transactions"/>
		</testcase>
		<testcase name="GET /api/Categories" time="0.063776"/>
		<testcase name="GET /api/Transactions" time="0.079997"/>
		<testcase name="GET /api/Transactions/export" time="0.087532"/>
		<testcase name="GET /api/Categories/{id}" time="0.762357">
			<failure type="failure" message="1. Test Case ID: 1JiQP6&#10;&#10;- Missing Content-Type header&#10;&#10;    The following media types are documented in the schema:&#10;    - `text/plain`&#10;    - `application/json`&#10;    - `text/json`&#10;&#10;[404] Not Found:&#10;&#10;    &lt;EMPTY&gt;&#10;&#10;Reproduce with:&#10;&#10;    curl -X GET --insecure https://localhost:7235/api/Categories/null%2Cnull"/>
			<failure type="failure" message="1. Test Case ID: kfVkPF&#10;&#10;- Undocumented Content-Type&#10;&#10;    Received: application/problem+json; charset=utf-8&#10;    Documented: text/plain, application/json, text/json&#10;&#10;[404] Not Found:&#10;&#10;    `{&quot;title&quot;:&quot;Category not found&quot;,&quot;status&quot;:404,&quot;detail&quot;:&quot;No category with id 3212.&quot;}`&#10;&#10;Reproduce with:&#10;&#10;    curl -X GET --insecure https://localhost:7235/api/Categories/3212"/>
		</testcase>
		<testcase name="GET /api/Transactions/{id}" time="0.182462">
			<failure type="failure" message="1. Test Case ID: 2exB1E&#10;&#10;- Missing Content-Type header&#10;&#10;    The following media types are documented in the schema:&#10;    - `text/plain`&#10;    - `application/json`&#10;    - `text/json`&#10;&#10;[404] Not Found:&#10;&#10;    &lt;EMPTY&gt;&#10;&#10;Reproduce with:&#10;&#10;    curl -X GET --insecure https://localhost:7235/api/Transactions/null%2Cnull"/>
			<failure type="failure" message="1. Test Case ID: qGNvy7&#10;&#10;- Undocumented Content-Type&#10;&#10;    Received: application/problem+json; charset=utf-8&#10;    Documented: text/plain, application/json, text/json&#10;&#10;[404] Not Found:&#10;&#10;    `{&quot;title&quot;:&quot;Transaction not found&quot;,&quot;status&quot;:404,&quot;detail&quot;:&quot;No transaction with id 3212.&quot;}`&#10;&#10;Reproduce with:&#10;&#10;    curl -X GET --insecure https://localhost:7235/api/Transactions/3212"/>
		</testcase>
		<testcase name="DELETE /api/Transactions/{id}" time="0.161206">
			<failure type="failure" message="1. Test Case ID: KzDGHJ&#10;&#10;- Missing Content-Type header&#10;&#10;    The following media types are documented in the schema:&#10;    - `text/plain`&#10;    - `application/json`&#10;    - `text/json`&#10;&#10;[404] Not Found:&#10;&#10;    &lt;EMPTY&gt;&#10;&#10;Reproduce with:&#10;&#10;    curl -X DELETE --insecure https://localhost:7235/api/Transactions/null%2Cnull"/>
		</testcase>
		<testcase name="Stateful tests" time="24.183207">
			<failure type="failure" message="1. Test Case ID: 5mo1gu&#10;&#10;- Undocumented Content-Type&#10;&#10;    Received: application/problem+json; charset=utf-8&#10;    Documented: text/plain, application/json, text/json&#10;&#10;[404] Not Found:&#10;&#10;    `{&quot;title&quot;:&quot;Transaction not found&quot;,&quot;status&quot;:404,&quot;detail&quot;:&quot;No transaction with id 898.&quot;}`&#10;&#10;Reproduce with:&#10;&#10;    curl -X GET --insecure https://localhost:7235/api/Transactions&#10;    curl -X DELETE --insecure https://localhost:7235/api/Transactions/898"/>
		</testcase>
	</testsuite>
</testsuites>
