<?xml version="1.0" encoding="utf-8"?>
<testsuites disabled="0" errors="0" failures="8" tests="10" time="18.195569300209172">
	<testsuite disabled="0" errors="0" failures="8" name="schemathesis" skipped="0" tests="10" time="18.195569300209172" hostname="PW0BM4V6">
		<testcase name="POST /api/Categories" time="2.782422">
			<failure type="failure" message="1. Test Case ID: HXbGXy&#10;&#10;- Undocumented HTTP status code&#10;&#10;    Received: 400&#10;    Documented: 200&#10;&#10;[400] Bad Request:&#10;&#10;    `{&quot;type&quot;:&quot;https://tools.ietf.org/html/rfc9110#section-15.5.1&quot;,&quot;title&quot;:&quot;One or more validation errors occurred.&quot;,&quot;status&quot;:400,&quot;errors&quot;:{&quot;request&quot;:[&quot;The request field is required.&quot;],&quot;$.type&quot;:[&quot;The JSON value could not be converted to Finance.Business.Dtos.Categories.CategoryCreateRequest. Path: $.type | LineNumber: 0 | BytePositionInLine: 22.&quot;]},&quot;traceId&quot;:&quot;00-18e71d9448788e9b17a7c6d9cd060384-3a7559d214d3b74f-00&quot;}`&#10;&#10;Reproduce with:&#10;&#10;    curl -X POST -H 'Content-Type: application/*+json' -d '{&quot;name&quot;: &quot;&quot;, &quot;type&quot;: {}}' --insecure https://localhost:7235/api/Categories"/>
			<failure type="failure" message="1. Test Case ID: 6OwMLA&#10;&#10;- API rejected schema-compliant request&#10;&#10;    Valid data should have been accepted&#10;    Expected: 2xx, 401, 403, 404, 409, 5xx&#10;&#10;[400] Bad Request:&#10;&#10;    `{&quot;title&quot;:&quot;One or more validation errors occurred.&quot;,&quot;status&quot;:400,&quot;errors&quot;:{&quot;name&quot;:[&quot;Name is required.&quot;]}}`&#10;&#10;Reproduce with:&#10;&#10;    curl -X POST -H 'Content-Type: application/json' -d '{&quot;name&quot;: &quot;&quot;, &quot;type&quot;: &quot;Both&quot;}' --insecure https://localhost:7235/api/Categories"/>
		</testcase>
		<testcase name="POST /api/Reports" time="0.319202">
			<failure type="failure" message="1. Test Case ID: AYMuxI&#10;&#10;- Undocumented HTTP status code&#10;&#10;    Received: 400&#10;    Documented: 200&#10;&#10;[400] Bad Request:&#10;&#10;    `{&quot;type&quot;:&quot;https://tools.ietf.org/html/rfc9110#section-15.5.1&quot;,&quot;title&quot;:&quot;One or more validation errors occurred.&quot;,&quot;status&quot;:400,&quot;errors&quot;:{&quot;request&quot;:[&quot;The request field is required.&quot;],&quot;$.type&quot;:[&quot;The JSON value could not be converted to Finance.Business.Dtos.Reports.ReportRequest. Path: $.type | LineNumber: 0 | BytePositionInLine: 10.&quot;]},&quot;traceId&quot;:&quot;00-d5ef7018fb41bcf9d7eddd266449e89a-fc7dff8c1905f5fb-00&quot;}`&#10;&#10;Reproduce with:&#10;&#10;    curl -X POST -H 'Content-Type: application/*+json' -d '{&quot;type&quot;: {}, &quot;data&quot;: null}' --insecure https://localhost:7235/api/Reports"/>
			<failure type="failure" message="1. Test Case ID: MsfKMu&#10;&#10;- API rejected schema-compliant request&#10;&#10;    Valid data should have been accepted&#10;    Expected: 2xx, 401, 403, 404, 409, 5xx&#10;&#10;[400] Bad Request:&#10;&#10;    `{&quot;title&quot;:&quot;One or more validation errors occurred.&quot;,&quot;status&quot;:400,&quot;errors&quot;:{&quot;data&quot;:[&quot;Period report data payload is required.&quot;]}}`&#10;&#10;Reproduce with:&#10;&#10;    curl -X POST -H 'Content-Type: application/json' -d '{&quot;data&quot;: null, &quot;type&quot;: &quot;Period&quot;}' --insecure https://localhost:7235/api/Reports"/>
		</testcase>
		<testcase name="POST /api/Transactions" time="0.278259">
			<failure type="failure" message="1. Test Case ID: qGB7wk&#10;&#10;- Undocumented HTTP status code&#10;&#10;    Received: 400&#10;    Documented: 200&#10;&#10;[400] Bad Request:&#10;&#10;    `{&quot;type&quot;:&quot;https://tools.ietf.org/html/rfc9110#section-15.5.1&quot;,&quot;title&quot;:&quot;One or more validation errors occurred.&quot;,&quot;status&quot;:400,&quot;errors&quot;:{&quot;request&quot;:[&quot;The request field is required.&quot;],&quot;$.categoryIds[0]&quot;:[&quot;The JSON value could not be converted to System.Int32. Path: $.categoryIds[0] | LineNumber: 0 | BytePositionInLine: 118.&quot;]},&quot;traceId&quot;:&quot;00-ecdb8c7c8574dfe06ec4a4ba31c2d10c-d79cc09dade35451-00&quot;}`&#10;&#10;Reproduce with:&#10;&#10;    curl -X POST -H 'Content-Type: application/*+json' -d '{&quot;timestamp&quot;: &quot;2000-01-01T00:00:00Z&quot;, &quot;description&quot;: &quot;&quot;, &quot;amount&quot;: &quot;0&quot;, &quot;transactionType&quot;: &quot;Income&quot;, &quot;categoryIds&quot;: [{}]}' --insecure https://localhost:7235/api/Transactions"/>
			<failure type="failure" message="1. Test Case ID: yrdZzs&#10;&#10;- API rejected schema-compliant request&#10;&#10;    Valid data should have been accepted&#10;    Expected: 2xx, 401, 403, 404, 409, 5xx&#10;&#10;[400] Bad Request:&#10;&#10;    `{&quot;title&quot;:&quot;One or more validation errors occurred.&quot;,&quot;status&quot;:400,&quot;errors&quot;:{&quot;amount&quot;:[&quot;Amount must be greater than zero.&quot;],&quot;description&quot;:[&quot;Description is required.&quot;],&quot;categoryIds&quot;:[&quot;At least one category id is required.&quot;]}}`&#10;&#10;Reproduce with:&#10;&#10;    curl -X POST -H 'Content-Type: application/json' -d '{&quot;amount&quot;: 0.0, &quot;categoryIds&quot;: [], &quot;description&quot;: &quot;&quot;, &quot;timestamp&quot;: &quot;2000-01-01T00:00:00Z&quot;, &quot;transactionType&quot;: &quot;Income&quot;}' --insecure https://localhost:7235/api/Transactions"/>
		</testcase>
		<testcase name="GET /api/Categories" time="0.098061"/>
		<testcase name="GET /api/Transactions" time="0.113297">
			<failure type="failure" message="1. Test Case ID: P92uMn&#10;&#10;- Response violates schema&#10;&#10;    &quot;2026-05-01T12:00:00&quot; is not a &quot;date-time&quot;&#10;&#10;    Schema at /components/schemas/TransactionResponse/properties/timestamp:&#10;&#10;        {&#10;            &quot;format&quot;: &quot;date-time&quot;,&#10;            &quot;type&quot;: &quot;string&quot;&#10;        }&#10;&#10;    Value:&#10;&#10;        &quot;2026-05-01T12:00:00&quot;&#10;&#10;[200] OK:&#10;&#10;    `[{&quot;id&quot;:1,&quot;timestamp&quot;:&quot;2026-05-01T12:00:00&quot;,&quot;description&quot;:&quot;Monthly salary&quot;,&quot;amount&quot;:1200.00,&quot;transactionType&quot;:&quot;Income&quot;,&quot;categories&quot;:[{&quot;id&quot;:1,&quot;name&quot;:&quot;Salary&quot;}]},{&quot;id&quot;:2,&quot;timestamp&quot;:&quot;2026-05-04T12:00:00&quot;,&quot;description&quot;:&quot;Uber Trip&quot;,&quot;amount&quot;:14.20,&quot;transactionType&quot;:&quot;Expense&quot;,&quot;categories&quot;:[{&quot;id&quot;:3,&quot;name&quot;:&quot;Transport&quot;}]},{&quot;id&quot;:3,&quot;timestamp&quot;:&quot;2026-05-05T12:00:00&quot;,&quot;description&quot;:&quot;Silpo Market&quot;,&quot;amount&quot;:32.10,&quot;transactionType&quot;:&quot;Expense&quot;,&quot;categories&quot;:[{&quot;id&quot;:2,&quot;name&quot;:&quot;Groceries&quot;}]},{&quot;id&quot;:4,&quot;timestamp&quot;:&quot;2026-05-06T12:00:00 // Output truncated...`&#10;&#10;Reproduce with:&#10;&#10;    curl -X GET --insecure https://localhost:7235/api/Transactions"/>
		</testcase>
		<testcase name="GET /api/Transactions/export" time="0.078081"/>
		<testcase name="GET /api/Categories/{id}" time="0.823309">
			<failure type="failure" message="1. Test Case ID: SRuzYb&#10;&#10;- Undocumented HTTP status code&#10;&#10;    Received: 404&#10;    Documented: 200&#10;&#10;[404] Not Found:&#10;&#10;    &lt;EMPTY&gt;&#10;&#10;Reproduce with:&#10;&#10;    curl -X GET --insecure https://localhost:7235/api/Categories/null%2Cnull"/>
		</testcase>
		<testcase name="GET /api/Transactions/{id}" time="0.065542">
			<failure type="failure" message="1. Test Case ID: 9yDK7o&#10;&#10;- Undocumented HTTP status code&#10;&#10;    Received: 404&#10;    Documented: 200&#10;&#10;[404] Not Found:&#10;&#10;    &lt;EMPTY&gt;&#10;&#10;Reproduce with:&#10;&#10;    curl -X GET --insecure https://localhost:7235/api/Transactions/null%2Cnull"/>
			<failure type="failure" message="1. Test Case ID: qYwnqQ&#10;&#10;- Response violates schema&#10;&#10;    &quot;2026-05-01T12:00:00&quot; is not a &quot;date-time&quot;&#10;&#10;    Schema at /components/schemas/TransactionResponse/properties/timestamp:&#10;&#10;        {&#10;            &quot;format&quot;: &quot;date-time&quot;,&#10;            &quot;type&quot;: &quot;string&quot;&#10;        }&#10;&#10;    Value:&#10;&#10;        &quot;2026-05-01T12:00:00&quot;&#10;&#10;[200] OK:&#10;&#10;    `{&quot;id&quot;:1,&quot;timestamp&quot;:&quot;2026-05-01T12:00:00&quot;,&quot;description&quot;:&quot;Monthly salary&quot;,&quot;amount&quot;:1200.00,&quot;transactionType&quot;:&quot;Income&quot;,&quot;categories&quot;:[{&quot;id&quot;:1,&quot;name&quot;:&quot;Salary&quot;}]}`&#10;&#10;Reproduce with:&#10;&#10;    curl -X GET --insecure https://localhost:7235/api/Transactions/1"/>
		</testcase>
		<testcase name="DELETE /api/Transactions/{id}" time="0.058395">
			<failure type="failure" message="1. Test Case ID: a4L6ox&#10;&#10;- Undocumented HTTP status code&#10;&#10;    Received: 404&#10;    Documented: 200&#10;&#10;[404] Not Found:&#10;&#10;    &lt;EMPTY&gt;&#10;&#10;Reproduce with:&#10;&#10;    curl -X DELETE --insecure https://localhost:7235/api/Transactions/null%2Cnull"/>
			<failure type="failure" message="1. Test Case ID: MyrQ0C&#10;&#10;- Undocumented HTTP status code&#10;&#10;    Received: 204&#10;    Documented: 200&#10;&#10;[204] No Content:&#10;&#10;    &lt;EMPTY&gt;&#10;&#10;Reproduce with:&#10;&#10;    curl -X DELETE --insecure https://localhost:7235/api/Transactions/2"/>
		</testcase>
		<testcase name="Stateful tests" time="13.579001">
			<failure type="failure" message="1. Test Case ID: WsNli3&#10;&#10;- Undocumented HTTP status code&#10;&#10;    Received: 409&#10;    Documented: 200&#10;&#10;[409] Conflict:&#10;&#10;    `{&quot;title&quot;:&quot;Duplicate category name&quot;,&quot;status&quot;:409,&quot;detail&quot;:&quot;A category named 'Utilities' already exists.&quot;}`&#10;&#10;Reproduce with:&#10;&#10;    curl -X POST -H 'Content-Type: text/json' -d '{&quot;name&quot;: &quot;Utilities&quot;, &quot;type&quot;: &quot;Both&quot;, &quot;\u00a2\u00d4\u0004&quot;: [true], &quot;\u0088&quot;: {&quot;\u0085\u00a7\u00a0\udab4\udf9f8&quot;: {&quot;\u00d2\u00e6\u0081F\u00ee\ud9d9\udefb\u00e2W\u00ff\u00e7\u0098=Cr\u00c5\u008f\u00f6\u00ef&quot;: -5.677646492695555e+16, &quot;d[&quot;: 4141, &quot;\u00e1%\u00b8\udb4c\udc42\u00d6&quot;: -891115}, &quot;\u0080\ud883\uddea\u0080\u008c\u0092\udb57\udd41\udbe0\udfd1\ud9a1\udff2%\u008b\ud918\udf2e\ud84d\udd03\ud9c3\udff3\u0094\u00fc\u000f\u00eb&quot;: [[-1.7976931348623155e+308, -1e-05, false], 8388509562634607.0, -12071], &quot;\u00bd\u00d1\u00f3;\u00a8\u0091&quot;: [&quot;\ud919\udd28 A\r\u001c\u00f0\u00e2&quot;]}, &quot;_\u00d8\n&lt;\u0006Z\u00077ht\u00b6\u00e7\u00ddn+\u00e1\u00fa\u00f2\u00bcR\u00e3\u00c6%\ud889\uddb3&quot;: [], &quot;\u00d8v\u0006\u0015&quot;: {&quot;\u000fj\u0097\u0095&quot;: [{}, 6.504463340791484e+16, []]}, &quot;\u000f\u008c\u009aS\u009ah^\u00e9\udbd6\udcbd\u00af%\u00eaV&quot;: {&quot;\udaa9\udf6b\u0007\ud989\udd6f\u00fe\u0002&quot;: 1.497374859954422e+16, &quot;\u00a5\u00f9\u00944\u0091\u001f\udb21\udd96&lt;)\u001a\u00d6\uffb5P&quot;: {&quot;&quot;: 760386}, &quot;\u00c1\u0090(\u00ff\u00b2&amp;p&quot;: {&quot;\u00c8\u0089\u00b0\u00ea\ud9f7\udd72\u009b+\u008a\u0011\u00a1\u0084\u00e2\u008d\u001fP&quot;: [84811623, null, true]}}, &quot;&quot;: {&quot;\udbf6\udd01*\ud861\udfc8\u0094\uda8d\ude8fo\u008b\u0015\u00eb&quot;: [{&quot;f\u00f4\u0014n\ud8bb\udc2f9\uda4a\udd39N\udbff\udf3e&quot;: 844, &quot;M\u00b7\ud9a9\udd77\ud9c0\udd5c\\\b&quot;: [], &quot;&quot;: [2.2200248962690296e+16, null, &quot;\u023a&quot;]}, {}, -2305843009213693952], &quot;&quot;: {&quot;[RV\u008du\ud90e\udd0f\u00cb&quot;: [[]], &quot;\u0003\u0096\ud9f2\udfa7!\u009f\ud937\udf4f&quot;: [[false]], &quot;\u00ad\u00c8A[\ud9d6\udcf2l\u0016\u00cb=\ud97d\udc1b7E\u008c\u00ed\uda26\uddd5&quot;: &quot;\u0016\uda7d\udff9\uda45\udfd7\u00bf|\u00fd\u00d9\u00b1N\u00c1\u009b\udb0b\udd16&quot;}, &quot;\udb65\udf61:\ud98e\udea0&quot;: []}, &quot;T\u00b9&quot;: [{}], &quot;s{8~j4\u0001\u0007\u00e4\u0089^\u00a2C\u00d5\ud9c0\udc2e\u001c\ud944\udf41\u00e9&quot;: [], &quot;\udbf6\udf61\u0012\udad5\udeb91)\u0099\u00ae&quot;: [[]], &quot;\udab4\udc97\u0005\udbb0\udf9bU\u00d6\u00b8\ud9df\udc4b\u00bf\u6363\n&quot;: {&quot;\udb12\udf01Ip\u00d5\u00bfL\u00a1\ud937\udf87\u00c8f\ud9cb\uddf0&quot;: []}, &quot;\u00a8&quot;: [&quot;\u00dc\u00ea&quot;, true], &quot;\u001cK\ucd3a\u00d7&quot;: {&quot;\u0089*G\u00c4\u00e1\u00fd\u00f3\ud815\udd9f\u0012\u009f\udac6\udc2a\u009c\u00d0\u00c5\ud8d6\udc519\tpC&quot;: -18257}, &quot;W\u00a0\u0099\ud954\uddb5\u0092\u0095b\u00ed&quot;: [], &quot;\u0089\u00e5&quot;: {}, &quot;\u0e01 \u0e33\u0e01\u0e33&quot;: {&quot;&quot;: true}, &quot;\ud8ba\udf87&quot;: {&quot;&quot;: [{&quot;\u0006\u0093\u00e7H\u0012\u00e8\u00cb\ud936\udfd6\u00fa&quot;: &quot;\u0094{\ud82b\udfe1\u001c'&quot;'&quot;'\u001d&quot;}, {}, {&quot;nH\uda0d\udcb8$\u00ac\u00c1 M\udb4d\ude5d\udad3\udd9b&quot;: false, &quot;\u00f1z\u001a\u00b9&quot;: false, &quot;\u000b$\u00d9&quot;: -5.616102270362876e+16}], &quot;\udbb3\ude35\u00a1Y\u009d\u0082&quot;: []}}' --insecure https://localhost:7235/api/Categories"/>
			<failure type="failure" message="1. Test Case ID: kJYQBE&#10;&#10;- Undocumented HTTP status code&#10;&#10;    Received: 201&#10;    Documented: 200&#10;&#10;[201] Created:&#10;&#10;    `{&quot;id&quot;:6,&quot;name&quot;:&quot;f-]w÷&quot;,&quot;type&quot;:&quot;Expense&quot;}`&#10;&#10;Reproduce with:&#10;&#10;    curl -X POST -H 'Content-Type: application/*+json' -d '{&quot;name&quot;: &quot;f-]w\u00f7&quot;, &quot;type&quot;: &quot;Expense&quot;, &quot;\u001c+m&quot;: [{&quot;&quot;: [null, true, &quot;\u00c2\u008e\u008c\u0093\u0014\u00da-&quot;], &quot;\udb20\udda8*g\u00af\u00f1\u000ewc\udadc\udc17\u0016b??5\udb4a\ude5a\u0080\u0099\&quot;\u0084&quot;: {}}, [[], {&quot;l\u00c2&quot;: null}], {&quot;\ud93e\udf58&quot;: {&quot;&quot;: -2.2250738585e-313}, &quot;#\uda26\ude79\u0015\udb1d\udde5\u009d&quot;: null, &quot;/\u0099\u0017]\udb81\udf25&quot;: [null]}], &quot;\u00dd\uda3b\udc3bp\u00e2&quot;: {&quot;\b\u00bb\u0095\ud853\udf66]\ud96c\udffd&quot;: [[false, null, null], {&quot;&quot;: &quot;NULL&quot;, &quot;\u00a2\u00bf\u0019\u00ae\udbb2\udec1\udb50\uddef\uda52\udcde&quot;: {&quot;\u0003\udb4b\udeb9\u00c3\ud831\udf5b\uda5f\udc5d\udbb6\ude5c\udb57\udc15\u009e\udbc2\ude14[ \uda4a\udd30\ud829\udec8\u0006b\u00b0M\u00a8\u0080(&quot;: 2.2250738585e-313, &quot;&quot;: null}, &quot;\u00cd&quot;: null}, [true, null, &quot;\u00ff\u00c9\u0082q&quot;]], &quot;\u00988;\u00f2\u009cy\u00fa\uda0f\udf57\ud824\ude45\ud9b6\udc4d\u0017\ud99a\udfdd\u00cb\udaf9\ude9fv&quot;: {&quot;\u00d6&quot;: {&quot;&quot;: -2.328208199971879e-143, &quot;Y\t\ud91d\uddda\fL\u0015\u0091\ud9ab\udd68\uda27\udf57\u00be\u001c\udab9\udf93\uda84\udc66\u00a1\ud9c3\udcd3\uda98\udf49\u0004\u00f4\udb28\udf27\ud806\udd5d\u00ca&quot;: -1.6475539357802954e+104}, &quot;c\ud927\udeb0\u6f1e\u00c5&quot;: [&quot;&quot;, -5.469333085139153e-81, -2.00001]}, &quot;\u000b%\u009eV&quot;: []}, &quot;\u00c6\u00cb\u00e81\u00e9e\u001a5\uda19\uded1u\u00eb\u0080\u00aa1\u00fd\ud890\udeccB\u00d2q\u00c1&quot;: {&quot;\udbb3\ude06\u00c4\u00ee\udbd5\ude3d\ud81e\udc9c\u00d7\u00d13]\u0093Y`\u00b41\u00be\u00ba-)\u0017)\ud941\udcec\u00bb\u009b|\u00d3&quot;: false, &quot;\ud82b\udd9f\u0083\u0012\ud8e6\udff1\u00e6\u00b6&quot;: {}, &quot;\u0013&quot;: {&quot;\udaf2\udc5c\u001eZ&quot;: true, &quot;\u00ef\u00c2&quot;: 5.937469234860746e-276, &quot;&quot;: []}}, &quot;\u008b\u0015\udb6c\ude3d0g\u0001\ud945\udf4a\u0087\ud96f\udc8b\u009a\ud952\ude16\u0005L\u00d0\udaa2\ude3a\u00dc\ud8f4\udfcaXH&quot;: [{}, {&quot;\u0018\u00fc\ud83f\udeefl\u00e3\ud830\udf6c\ud956\ude4a\t\u0011&quot;: &quot;B\u00bc&quot;, &quot;\u008de\u0098\u00f4\u00e3nF\uda8b\udec2&quot;: -3.36471062028969e+240, &quot;&quot;: 2.442892587994721e+16}, []], &quot;\u00bb\u009f\u00f8\ud987\udcc9\u00e4 \u00adUU\u000e\u008e\u00193 \u00a4s\u009eX\udade\uddda\udbad\udd3f&quot;: {&quot;\uda2a\udf8dW\u0083\u0004\ud930\udff6o&quot;: true, &quot;\ud85e\udf40\u00f0\u0006\u0098&quot;: {}, &quot;\u00f3&quot;: []}, &quot;&quot;: [[{&quot;\u00e0&quot;: [&quot;\u00e4F&quot;], &quot;\udb0b\udebd&quot;: [[&quot;\u00c8\rt\u00e5&quot;, true, &quot;\u00132&quot;], [4605778], {}], &quot;&quot;: {&quot;\udb3e\udfaf2\ud930\udf4b&quot;: []}}], {}, false], &quot;\u00cb\u00870\u00a5&quot;: {&quot;undefined&quot;: null, &quot;\u5bb4\u00fcn&quot;: 4.3984795269128294e+49, &quot;\u00e2\u0097\u00d0/&quot;: {&quot;\u00c6\u00e7V\u00da%\u0084\u00a8&quot;: null, &quot;z\u00bd&quot;: &quot;Fa&quot;, &quot;]\u00e6\u000e\u0082V\u0099\udb49\udf98\udbff\udc20\u00fd\u008d\udb17\udfb4\u0098o14&quot;: true}}, &quot;X\u00cd\u00da\u00b8\u0083&quot;: {&quot;Q\ud89b\udde0\u000e\u00bb\u0086&quot;: 9930810286710000.0, &quot;0&quot;: [{}, []]}, &quot;E\u00b4\u00cb.&quot;: {}}' --insecure https://localhost:7235/api/Categories"/>
		</testcase>
	</testsuite>
</testsuites>
