<?xml version="1.0" encoding="utf-8"?>
<testsuites disabled="0" errors="0" failures="7" tests="10" time="22.094530100468546">
	<testsuite disabled="0" errors="0" failures="7" name="schemathesis" skipped="0" tests="10" time="22.094530100468546" hostname="PW0BM4V6">
		<testcase name="POST /api/Categories" time="2.517731">
			<failure type="failure" message="1. Test Case ID: AWxKlf&#10;&#10;- Undocumented Content-Type&#10;&#10;    Received: application/problem+json; charset=utf-8&#10;    Documented: text/plain, application/json, text/json&#10;&#10;[400] Bad Request:&#10;&#10;    `{&quot;type&quot;:&quot;https://tools.ietf.org/html/rfc9110#section-15.5.1&quot;,&quot;title&quot;:&quot;One or more validation errors occurred.&quot;,&quot;status&quot;:400,&quot;errors&quot;:{&quot;request&quot;:[&quot;The request field is required.&quot;],&quot;$.type&quot;:[&quot;The JSON value could not be converted to Finance.Business.Dtos.Categories.CategoryCreateRequest. Path: $.type | LineNumber: 0 | BytePositionInLine: 22.&quot;]},&quot;traceId&quot;:&quot;00-b08d90ceb053fea3545587fb90638a6b-c85d774a86b91403-00&quot;}`&#10;&#10;Reproduce with:&#10;&#10;    curl -X POST -H 'Content-Type: application/*+json' -d '{&quot;name&quot;: &quot;&quot;, &quot;type&quot;: {}}' --insecure https://localhost:7235/api/Categories"/>
			<failure type="failure" message="1. Test Case ID: Gz6Ibo&#10;&#10;- API rejected schema-compliant request&#10;&#10;    Valid data should have been accepted&#10;    Expected: 2xx, 401, 403, 404, 409, 5xx&#10;&#10;[400] Bad Request:&#10;&#10;    `{&quot;title&quot;:&quot;One or more validation errors occurred.&quot;,&quot;status&quot;:400,&quot;errors&quot;:{&quot;name&quot;:[&quot;Name is required.&quot;]}}`&#10;&#10;Reproduce with:&#10;&#10;    curl -X POST -H 'Content-Type: application/json' -d '{&quot;name&quot;: &quot;&quot;, &quot;type&quot;: &quot;Both&quot;}' --insecure https://localhost:7235/api/Categories"/>
		</testcase>
		<testcase name="POST /api/Reports" time="0.278675">
			<failure type="failure" message="1. Test Case ID: OWbhas&#10;&#10;- Undocumented Content-Type&#10;&#10;    Received: application/problem+json; charset=utf-8&#10;    Documented: text/plain, application/json, text/json&#10;&#10;[400] Bad Request:&#10;&#10;    `{&quot;type&quot;:&quot;https://tools.ietf.org/html/rfc9110#section-15.5.1&quot;,&quot;title&quot;:&quot;One or more validation errors occurred.&quot;,&quot;status&quot;:400,&quot;errors&quot;:{&quot;request&quot;:[&quot;The request field is required.&quot;],&quot;$.type&quot;:[&quot;The JSON value could not be converted to Finance.Business.Dtos.Reports.ReportRequest. Path: $.type | LineNumber: 0 | BytePositionInLine: 10.&quot;]},&quot;traceId&quot;:&quot;00-ad8715fb13c13916aefddb925483687b-f0c6f4b5f670623a-00&quot;}`&#10;&#10;Reproduce with:&#10;&#10;    curl -X POST -H 'Content-Type: application/*+json' -d '{&quot;type&quot;: {}, &quot;data&quot;: null}' --insecure https://localhost:7235/api/Reports"/>
			<failure type="failure" message="1. Test Case ID: Bb18u1&#10;&#10;- API rejected schema-compliant request&#10;&#10;    Valid data should have been accepted&#10;    Expected: 2xx, 401, 403, 404, 409, 5xx&#10;&#10;[400] Bad Request:&#10;&#10;    `{&quot;title&quot;:&quot;One or more validation errors occurred.&quot;,&quot;status&quot;:400,&quot;errors&quot;:{&quot;data&quot;:[&quot;Period report data payload is required.&quot;]}}`&#10;&#10;Reproduce with:&#10;&#10;    curl -X POST -H 'Content-Type: application/json' -d '{&quot;data&quot;: null, &quot;type&quot;: &quot;Period&quot;}' --insecure https://localhost:7235/api/Reports"/>
		</testcase>
		<testcase name="POST /api/Transactions" time="0.228861">
			<failure type="failure" message="1. Test Case ID: lniMKw&#10;&#10;- Undocumented Content-Type&#10;&#10;    Received: application/problem+json; charset=utf-8&#10;    Documented: text/plain, application/json, text/json&#10;&#10;[400] Bad Request:&#10;&#10;    `{&quot;type&quot;:&quot;https://tools.ietf.org/html/rfc9110#section-15.5.1&quot;,&quot;title&quot;:&quot;One or more validation errors occurred.&quot;,&quot;status&quot;:400,&quot;errors&quot;:{&quot;request&quot;:[&quot;The request field is required.&quot;],&quot;$.categoryIds[0]&quot;:[&quot;The JSON value could not be converted to System.Int32. Path: $.categoryIds[0] | LineNumber: 0 | BytePositionInLine: 118.&quot;]},&quot;traceId&quot;:&quot;00-0c70b3221ea229426d3ed2e622a081b2-cec80fd3fa92229a-00&quot;}`&#10;&#10;Reproduce with:&#10;&#10;    curl -X POST -H 'Content-Type: application/*+json' -d '{&quot;timestamp&quot;: &quot;2000-01-01T00:00:00Z&quot;, &quot;description&quot;: &quot;&quot;, &quot;amount&quot;: &quot;0&quot;, &quot;transactionType&quot;: &quot;Income&quot;, &quot;categoryIds&quot;: [{}]}' --insecure https://localhost:7235/api/Transactions"/>
			<failure type="failure" message="1. Test Case ID: KHy9uS&#10;&#10;- API rejected schema-compliant request&#10;&#10;    Valid data should have been accepted&#10;    Expected: 2xx, 401, 403, 404, 409, 5xx&#10;&#10;[400] Bad Request:&#10;&#10;    `{&quot;title&quot;:&quot;One or more validation errors occurred.&quot;,&quot;status&quot;:400,&quot;errors&quot;:{&quot;amount&quot;:[&quot;Amount must be greater than zero.&quot;],&quot;description&quot;:[&quot;Description is required.&quot;],&quot;categoryIds&quot;:[&quot;At least one category id is required.&quot;]}}`&#10;&#10;Reproduce with:&#10;&#10;    curl -X POST -H 'Content-Type: application/json' -d '{&quot;amount&quot;: 0.0, &quot;categoryIds&quot;: [], &quot;description&quot;: &quot;&quot;, &quot;timestamp&quot;: &quot;2000-01-01T00:00:00Z&quot;, &quot;transactionType&quot;: &quot;Income&quot;}' --insecure https://localhost:7235/api/Transactions"/>
		</testcase>
		<testcase name="GET /api/Categories" time="0.073717"/>
		<testcase name="GET /api/Transactions" time="0.059556"/>
		<testcase name="GET /api/Transactions/export" time="0.083627"/>
		<testcase name="GET /api/Categories/{id}" time="0.731932">
			<failure type="failure" message="1. Test Case ID: FCnD6N&#10;&#10;- Missing Content-Type header&#10;&#10;    The following media types are documented in the schema:&#10;    - `text/plain`&#10;    - `application/json`&#10;    - `text/json`&#10;&#10;[404] Not Found:&#10;&#10;    &lt;EMPTY&gt;&#10;&#10;Reproduce with:&#10;&#10;    curl -X GET --insecure https://localhost:7235/api/Categories/null%2Cnull"/>
			<failure type="failure" message="1. Test Case ID: Pt3Mtv&#10;&#10;- Undocumented Content-Type&#10;&#10;    Received: application/problem+json; charset=utf-8&#10;    Documented: text/plain, application/json, text/json&#10;&#10;[404] Not Found:&#10;&#10;    `{&quot;title&quot;:&quot;Category not found&quot;,&quot;status&quot;:404,&quot;detail&quot;:&quot;No category with id 1592.&quot;}`&#10;&#10;Reproduce with:&#10;&#10;    curl -X GET --insecure https://localhost:7235/api/Categories/1592"/>
		</testcase>
		<testcase name="GET /api/Transactions/{id}" time="0.133667">
			<failure type="failure" message="1. Test Case ID: siXwVP&#10;&#10;- Missing Content-Type header&#10;&#10;    The following media types are documented in the schema:&#10;    - `text/plain`&#10;    - `application/json`&#10;    - `text/json`&#10;&#10;[404] Not Found:&#10;&#10;    &lt;EMPTY&gt;&#10;&#10;Reproduce with:&#10;&#10;    curl -X GET --insecure https://localhost:7235/api/Transactions/null%2Cnull"/>
			<failure type="failure" message="1. Test Case ID: 0ANTBn&#10;&#10;- Undocumented Content-Type&#10;&#10;    Received: application/problem+json; charset=utf-8&#10;    Documented: text/plain, application/json, text/json&#10;&#10;[404] Not Found:&#10;&#10;    `{&quot;title&quot;:&quot;Transaction not found&quot;,&quot;status&quot;:404,&quot;detail&quot;:&quot;No transaction with id 1592.&quot;}`&#10;&#10;Reproduce with:&#10;&#10;    curl -X GET --insecure https://localhost:7235/api/Transactions/1592"/>
		</testcase>
		<testcase name="DELETE /api/Transactions/{id}" time="0.172018">
			<failure type="failure" message="1. Test Case ID: pgPCjQ&#10;&#10;- Missing Content-Type header&#10;&#10;    The following media types are documented in the schema:&#10;    - `text/plain`&#10;    - `application/json`&#10;    - `text/json`&#10;&#10;[404] Not Found:&#10;&#10;    &lt;EMPTY&gt;&#10;&#10;Reproduce with:&#10;&#10;    curl -X DELETE --insecure https://localhost:7235/api/Transactions/null%2Cnull"/>
		</testcase>
		<testcase name="Stateful tests" time="17.814746">
			<failure type="failure" message="1. Test Case ID: sX9yeq&#10;&#10;- Undocumented Content-Type&#10;&#10;    Received: application/problem+json; charset=utf-8&#10;    Documented: text/plain, application/json, text/json&#10;&#10;[404] Not Found:&#10;&#10;    `{&quot;title&quot;:&quot;Transaction not found&quot;,&quot;status&quot;:404,&quot;detail&quot;:&quot;No transaction with id 35583.&quot;}`&#10;&#10;Reproduce with:&#10;&#10;    curl -X GET --insecure https://localhost:7235/api/Transactions&#10;    curl -X DELETE --insecure https://localhost:7235/api/Transactions/35583"/>
		</testcase>
	</testsuite>
</testsuites>
